<?xml version="1.0" encoding="UTF-8"?>
<coverage generated="1701716044736" clover="3.2.0">
  <project timestamp="1701716044736" name="All files">
    <metrics statements="21" coveredstatements="14" conditionals="4" coveredconditionals="4" methods="7" coveredmethods="3" elements="32" coveredelements="21" complexity="0" loc="21" ncloc="21" packages="1" files="1" classes="1"/>
    <file name="teste.js" path="C:\Users\Sandro PL\SANDRO\SENAC\TÉCNICO INFORMÁTICA\UC13\API\src\teste.js">
      <metrics statements="21" coveredstatements="14" conditionals="4" coveredconditionals="4" methods="7" coveredmethods="3"/>
      <line num="1" count="1" type="stmt"/>
      <line num="2" count="1" type="stmt"/>
      <line num="4" count="1" type="stmt"/>
      <line num="5" count="0" type="stmt"/>
      <line num="7" count="1" type="stmt"/>
      <line num="8" count="2" type="stmt"/>
      <line num="10" count="1" type="stmt"/>
      <line num="11" count="0" type="stmt"/>
      <line num="17" count="1" type="stmt"/>
      <line num="18" count="3" type="cond" truecount="2" falsecount="0"/>
      <line num="19" count="1" type="stmt"/>
      <line num="20" count="2" type="cond" truecount="2" falsecount="0"/>
      <line num="21" count="1" type="stmt"/>
      <line num="23" count="1" type="stmt"/>
      <line num="32" count="1" type="stmt"/>
      <line num="33" count="0" type="stmt"/>
      <line num="41" count="1" type="stmt"/>
      <line num="42" count="0" type="stmt"/>
      <line num="43" count="0" type="stmt"/>
      <line num="44" count="0" type="stmt"/>
      <line num="46" count="0" type="stmt"/>
    </file>
  </project>
</coverage>
