TN:
SF:src\teste.js
FN:1,(anonymous_0)
FN:4,(anonymous_1)
FN:7,(anonymous_2)
FN:10,(anonymous_3)
FN:17,(anonymous_4)
FN:32,(anonymous_5)
FN:41,(anonymous_6)
FNF:7
FNH:3
FNDA:1,(anonymous_0)
FNDA:0,(anonymous_1)
FNDA:2,(anonymous_2)
FNDA:0,(anonymous_3)
FNDA:3,(anonymous_4)
FNDA:0,(anonymous_5)
FNDA:0,(anonymous_6)
DA:1,1
DA:2,1
DA:4,1
DA:5,0
DA:7,1
DA:8,2
DA:10,1
DA:11,0
DA:17,1
DA:18,3
DA:19,1
DA:20,2
DA:21,1
DA:23,1
DA:32,1
DA:33,0
DA:41,1
DA:42,0
DA:43,0
DA:44,0
DA:46,0
LF:21
LH:14
BRDA:18,0,0,1
BRDA:18,0,1,2
BRDA:20,1,0,1
BRDA:20,1,1,1
BRF:4
BRH:4
end_of_record
